2020-02-10 15:54:34,007 INFO NBIF_Soap_Call_AS_AU.py
2020-02-10 15:54:34,007 INFO AirUnity
2020-02-10 15:54:34,069 DEBUG starting thread (client mode): 0x3d9f1f0
2020-02-10 15:54:34,069 DEBUG Local version/idstring: SSH-2.0-paramiko_2.5.0
2020-02-10 15:54:34,116 DEBUG Remote version/idstring: SSH-2.0-OpenSSH_for_Windows_7.7
2020-02-10 15:54:34,116 INFO Connected (version 2.0, client OpenSSH_for_Windows_7.7)
2020-02-10 15:54:34,163 DEBUG kex algos:['curve25519-sha256', 'curve25519-sha256@libssh.org', 'ecdh-sha2-nistp256', 'ecdh-sha2-nistp384', 'ecdh-sha2-nistp521', 'diffie-hellman-group-exchange-sha256', 'diffie-hellman-group16-sha512', 'diffie-hellman-group18-sha512', 'diffie-hellman-group14-sha256', 'diffie-hellman-group14-sha1'] server key:['ssh-rsa', 'rsa-sha2-512', 'rsa-sha2-256', 'ecdsa-sha2-nistp256', 'ssh-ed25519'] client encrypt:['chacha20-poly1305@openssh.com', 'aes128-ctr', 'aes192-ctr', 'aes256-ctr', 'aes128-gcm@openssh.com', 'aes256-gcm@openssh.com'] server encrypt:['chacha20-poly1305@openssh.com', 'aes128-ctr', 'aes192-ctr', 'aes256-ctr', 'aes128-gcm@openssh.com', 'aes256-gcm@openssh.com'] client mac:['umac-64-etm@openssh.com', 'umac-128-etm@openssh.com', 'hmac-sha2-256-etm@openssh.com', 'hmac-sha2-512-etm@openssh.com', 'hmac-sha1-etm@openssh.com', 'umac-64@openssh.com', 'umac-128@openssh.com', 'hmac-sha2-256', 'hmac-sha2-512', 'hmac-sha1'] server mac:['umac-64-etm@openssh.com', 'umac-128-etm@openssh.com', 'hmac-sha2-256-etm@openssh.com', 'hmac-sha2-512-etm@openssh.com', 'hmac-sha1-etm@openssh.com', 'umac-64@openssh.com', 'umac-128@openssh.com', 'hmac-sha2-256', 'hmac-sha2-512', 'hmac-sha1'] client compress:['none'] server compress:['none'] client lang:[''] server lang:[''] kex follows?False
2020-02-10 15:54:34,163 DEBUG Kex agreed: curve25519-sha256@libssh.org
2020-02-10 15:54:34,163 DEBUG HostKey agreed: ssh-ed25519
2020-02-10 15:54:34,163 DEBUG Cipher agreed: aes128-ctr
2020-02-10 15:54:34,163 DEBUG MAC agreed: hmac-sha2-256
2020-02-10 15:54:34,163 DEBUG Compression agreed: none
2020-02-10 15:54:34,163 DEBUG kex engine KexCurve25519 specified hash_algo <built-in function openssl_sha256>
2020-02-10 15:54:34,163 DEBUG Switch to new keys ...
2020-02-10 15:54:34,163 DEBUG Adding ssh-ed25519 host key for 172.16.25.18: b'e35b41c691265a02c722b34447dd2c54'
2020-02-10 15:54:34,210 DEBUG userauth is OK
2020-02-10 15:54:34,226 INFO Authentication (password) successful!
2020-02-10 15:54:34,226 DEBUG Successfully connected to node 
2020-02-10 15:54:34,226 DEBUG [chan 0] Max packet in: 32768 bytes
2020-02-10 15:54:34,288 DEBUG Received global request "hostkeys-00@openssh.com"
2020-02-10 15:54:34,288 DEBUG Rejecting "hostkeys-00@openssh.com" global request from server.
2020-02-10 15:54:34,351 DEBUG [chan 0] Max packet out: 32768 bytes
2020-02-10 15:54:34,351 DEBUG Secsh channel 0 opened.
2020-02-10 15:54:34,351 DEBUG [chan 0] Sesch channel 0 request ok
2020-02-10 15:54:34,366 DEBUG b''
2020-02-10 15:54:34,366 DEBUG [chan 0] EOF received (0)
2020-02-10 15:54:34,366 DEBUG b''
2020-02-10 15:54:34,366 DEBUG [chan 0] EOF sent (0)
2020-02-10 15:54:34,413 DEBUG Closing the connection for 172.16.25.18
2020-02-10 15:54:34,413 DEBUG EOF in transport thread
2020-02-10 15:54:34,523 DEBUG starting thread (client mode): 0x3d7f230
2020-02-10 15:54:34,523 DEBUG Local version/idstring: SSH-2.0-paramiko_2.5.0
2020-02-10 15:54:34,616 DEBUG Remote version/idstring: SSH-2.0-OpenSSH_for_Windows_7.7
2020-02-10 15:54:34,616 INFO Connected (version 2.0, client OpenSSH_for_Windows_7.7)
2020-02-10 15:54:34,663 DEBUG kex algos:['curve25519-sha256', 'curve25519-sha256@libssh.org', 'ecdh-sha2-nistp256', 'ecdh-sha2-nistp384', 'ecdh-sha2-nistp521', 'diffie-hellman-group-exchange-sha256', 'diffie-hellman-group16-sha512', 'diffie-hellman-group18-sha512', 'diffie-hellman-group14-sha256', 'diffie-hellman-group14-sha1'] server key:['ssh-rsa', 'rsa-sha2-512', 'rsa-sha2-256', 'ecdsa-sha2-nistp256', 'ssh-ed25519'] client encrypt:['chacha20-poly1305@openssh.com', 'aes128-ctr', 'aes192-ctr', 'aes256-ctr', 'aes128-gcm@openssh.com', 'aes256-gcm@openssh.com'] server encrypt:['chacha20-poly1305@openssh.com', 'aes128-ctr', 'aes192-ctr', 'aes256-ctr', 'aes128-gcm@openssh.com', 'aes256-gcm@openssh.com'] client mac:['umac-64-etm@openssh.com', 'umac-128-etm@openssh.com', 'hmac-sha2-256-etm@openssh.com', 'hmac-sha2-512-etm@openssh.com', 'hmac-sha1-etm@openssh.com', 'umac-64@openssh.com', 'umac-128@openssh.com', 'hmac-sha2-256', 'hmac-sha2-512', 'hmac-sha1'] server mac:['umac-64-etm@openssh.com', 'umac-128-etm@openssh.com', 'hmac-sha2-256-etm@openssh.com', 'hmac-sha2-512-etm@openssh.com', 'hmac-sha1-etm@openssh.com', 'umac-64@openssh.com', 'umac-128@openssh.com', 'hmac-sha2-256', 'hmac-sha2-512', 'hmac-sha1'] client compress:['none'] server compress:['none'] client lang:[''] server lang:[''] kex follows?False
2020-02-10 15:54:34,663 DEBUG Kex agreed: curve25519-sha256@libssh.org
2020-02-10 15:54:34,663 DEBUG HostKey agreed: ssh-ed25519
2020-02-10 15:54:34,663 DEBUG Cipher agreed: aes128-ctr
2020-02-10 15:54:34,663 DEBUG MAC agreed: hmac-sha2-256
2020-02-10 15:54:34,663 DEBUG Compression agreed: none
2020-02-10 15:54:34,663 DEBUG kex engine KexCurve25519 specified hash_algo <built-in function openssl_sha256>
2020-02-10 15:54:34,663 DEBUG Switch to new keys ...
2020-02-10 15:54:34,663 DEBUG Adding ssh-ed25519 host key for 172.16.25.18: b'e35b41c691265a02c722b34447dd2c54'
2020-02-10 15:54:34,710 DEBUG userauth is OK
2020-02-10 15:54:34,726 INFO Authentication (password) successful!
2020-02-10 15:54:34,726 DEBUG Successfully connected to node 
2020-02-10 15:54:34,726 DEBUG [chan 0] Max packet in: 32768 bytes
2020-02-10 15:54:34,773 DEBUG Received global request "hostkeys-00@openssh.com"
2020-02-10 15:54:34,773 DEBUG Rejecting "hostkeys-00@openssh.com" global request from server.
